\BOOKMARK [1][-]{section.1}{\376\377\004\027\004\060\004\064\004\060\004\075\004\070\004\065}{}% 1
\BOOKMARK [2][-]{subsection.1.1}{\376\377\004\037\004\073\004\060\004\075}{section.1}% 2
\BOOKMARK [1][-]{section.2}{\376\377\000I\000r\000i\000s\000\040\000D\000a\000t\000a\000s\000e\000t}{}% 3
\BOOKMARK [2][-]{subsection.2.1}{\376\377\004\037\004\065\004\100\004\062\004\113\004\065\000\040\004\107\004\065\004\102\004\113\004\100\004\065\000\040\004\060\004\102\004\100\004\070\004\061\004\103\004\102\004\060}{section.2}% 4
\BOOKMARK [2][-]{subsection.2.2}{\376\377\000T\000a\000r\000g\000e\000t}{section.2}% 5
\BOOKMARK [1][-]{section.3}{\376\377\000U\000n\000s\000u\000p\000e\000r\000v\000i\000s\000e\000d\000\040\000L\000e\000a\000r\000n\000i\000n\000g\000\040\000\050\004\107\004\060\004\101\004\102\004\114\000\040\0001\000\051}{}% 6
\BOOKMARK [2][-]{subsection.3.1}{\376\377\000P\000C\000A}{section.3}% 7
\BOOKMARK [2][-]{subsection.3.2}{\376\377\000t\000-\000S\000N\000E}{section.3}% 8
\BOOKMARK [2][-]{subsection.3.3}{\376\377\000M\000D\000S}{section.3}% 9
\BOOKMARK [2][-]{subsection.3.4}{\376\377\004\022\004\113\004\062\004\076\004\064}{section.3}% 10
\BOOKMARK [1][-]{section.4}{\376\377\000S\000u\000p\000e\000r\000v\000i\000s\000e\000d\000\040\000L\000e\000a\000r\000n\000i\000n\000g}{}% 11
\BOOKMARK [2][-]{subsection.4.1}{\376\377\004\047\004\070\004\101\004\073\004\065\004\075\004\075\004\113\004\065\000\040\004\076\004\106\004\065\004\075\004\072\004\070\000\040\004\072\004\060\004\107\004\065\004\101\004\102\004\062\004\060}{section.4}% 12
\BOOKMARK [3][-]{subsubsection.4.1.1}{\376\377\000A\000c\000c\000u\000r\000a\000c\000y}{subsection.4.1}% 13
\BOOKMARK [3][-]{subsubsection.4.1.2}{\376\377\000P\000r\000e\000c\000i\000s\000i\000o\000n\000\040\000a\000n\000d\000\040\000R\000e\000c\000a\000l\000l}{subsection.4.1}% 14
\BOOKMARK [3][-]{subsubsection.4.1.3}{\376\377\000F\000-\000m\000e\000a\000s\000u\000r\000e}{subsection.4.1}% 15
\BOOKMARK [2][-]{subsection.4.2}{\376\377\004\034\004\076\004\064\004\065\004\073\004\070\000\040\004\072\004\073\004\060\004\101\004\101\004\070\004\104\004\070\004\072\004\060\004\106\004\070\004\070}{section.4}% 16
\BOOKMARK [3][-]{subsubsection.4.2.1}{\376\377\004\033\004\076\004\063\004\070\004\101\004\102\004\070\004\107\004\065\004\101\004\072\004\060\004\117\000\040\004\100\004\065\004\063\004\100\004\065\004\101\004\101\004\070\004\117}{subsection.4.2}% 17
\BOOKMARK [3][-]{subsubsection.4.2.2}{\376\377\000C\000V}{subsection.4.2}% 18
\BOOKMARK [3][-]{subsubsection.4.2.3}{\376\377\004\024\004\065\004\100\004\065\004\062\004\114\004\117\000\040\004\100\004\065\004\110\004\065\004\075\004\070\004\071}{subsection.4.2}% 19
\BOOKMARK [3][-]{subsubsection.4.2.4}{\376\377\000S\000V\000C}{subsection.4.2}% 20
\BOOKMARK [3][-]{subsubsection.4.2.5}{\376\377\000C\000a\000t\000B\000o\000o\000s\000t}{subsection.4.2}% 21
\BOOKMARK [2][-]{subsection.4.3}{\376\377\004\047\004\102\004\076\000\040\004\100\004\060\004\101\004\101\004\074\004\102\004\100\004\070\004\074\000\040\004\064\004\060\004\073\004\114\004\110\004\065}{section.4}% 22
